============================= test session starts ==============================
platform darwin -- Python 3.12.10, pytest-9.0.2, pluggy-1.6.0 -- /Users/shixiangweii/PycharmProjects/manus_demo/.venv/bin/python
cachedir: .pytest_cache
rootdir: /Users/shixiangweii/PycharmProjects/manus_demo
plugins: anyio-4.12.1, asyncio-1.3.0
asyncio: mode=Mode.STRICT, debug=False, asyncio_default_fixture_loop_scope=None, asyncio_default_test_loop_scope=function
collecting ... collected 52 items

tests/test_dag_capabilities.py::TestHierarchicalPlanning::test_hierarchy_structure PASSED [  1%]
tests/test_dag_capabilities.py::TestHierarchicalPlanning::test_topological_order PASSED [  3%]
tests/test_dag_capabilities.py::TestHierarchicalPlanning::test_parallel_ready_detection PASSED [  5%]
tests/test_dag_capabilities.py::TestHierarchicalPlanning::test_exit_criteria_and_risk PASSED [  7%]
tests/test_dag_capabilities.py::TestParallelExecutionWithTools::test_superstep_parallel_with_tools PASSED [  9%]
tests/test_dag_capabilities.py::TestConditionalBranchAndRollback::test_conditional_branch_and_rollback PASSED [ 11%]
tests/test_dag_capabilities.py::TestDynamicDAGMutation::test_add_dynamic_node PASSED [ 13%]
tests/test_dag_capabilities.py::TestDynamicDAGMutation::test_add_dynamic_edge PASSED [ 15%]
tests/test_dag_capabilities.py::TestDynamicDAGMutation::test_remove_pending_node PASSED [ 17%]
tests/test_dag_capabilities.py::TestDynamicDAGMutation::test_cannot_remove_completed_node PASSED [ 19%]
tests/test_dag_capabilities.py::TestDynamicDAGMutation::test_modify_node PASSED [ 21%]
tests/test_dag_capabilities.py::TestDynamicDAGMutation::test_dynamic_node_readiness PASSED [ 23%]
tests/test_dag_capabilities.py::TestDynamicDAGMutation::test_get_pending_action_nodes PASSED [ 25%]
tests/test_dag_capabilities.py::TestToolRouter::test_success_resets_consecutive_failures PASSED [ 26%]
tests/test_dag_capabilities.py::TestToolRouter::test_failure_threshold PASSED [ 28%]
tests/test_dag_capabilities.py::TestToolRouter::test_alternative_suggestion PASSED [ 30%]
tests/test_dag_capabilities.py::TestToolRouter::test_hint_generation PASSED [ 32%]
tests/test_dag_capabilities.py::TestToolRouter::test_node_isolation PASSED [ 34%]
tests/test_dag_capabilities.py::TestAdaptivePlanningIntegration::test_adaptive_remove_node PASSED [ 36%]
tests/test_dag_capabilities.py::TestBugFixesVerification::test_executor_instance_isolation_exists PASSED [ 38%]
tests/test_dag_capabilities.py::TestBugFixesVerification::test_tool_error_detection_exists PASSED [ 40%]
tests/test_dag_capabilities.py::TestBugFixesVerification::test_todo_mark_pending_exists PASSED [ 42%]
tests/test_dag_capabilities.py::TestBugFixesVerification::test_reflector_exception_handling_exists PASSED [ 44%]
tests/test_dag_capabilities.py::TestBugFixesVerification::test_blocked_node_recovery_method_exists PASSED [ 46%]
tests/test_dag_capabilities.py::TestBugFixesVerification::test_blocked_node_recovery_logic PASSED [ 48%]
tests/test_dag_capabilities.py::TestBugFixesVerification::test_conditional_edge_source_fix_exists PASSED [ 50%]
tests/test_dag_capabilities.py::TestBugFixesVerification::test_rollback_edge_generation_exists PASSED [ 51%]
tests/test_dag_capabilities.py::TestBugFixesVerification::test_emergent_classification_exists PASSED [ 53%]
tests/test_dag_capabilities.py::TestBugFixesVerification::test_cycle_detection_kahn_algorithm PASSED [ 55%]
tests/test_dag_capabilities.py::TestBugFixesVerification::test_node_results_cleanup_on_merge PASSED [ 57%]
tests/test_emergent_planning.py::TestTodoItem::test_create_todo_item PASSED [ 59%]
tests/test_emergent_planning.py::TestTodoItem::test_create_todo_with_dependencies PASSED [ 61%]
tests/test_emergent_planning.py::TestTodoItem::test_todo_status_transitions PASSED [ 63%]
tests/test_emergent_planning.py::TestTodoList::test_create_empty_todo_list PASSED [ 65%]
tests/test_emergent_planning.py::TestTodoList::test_add_todo PASSED      [ 67%]
tests/test_emergent_planning.py::TestTodoList::test_get_pending_todos PASSED [ 69%]
tests/test_emergent_planning.py::TestTodoList::test_get_ready_todos PASSED [ 71%]
tests/test_emergent_planning.py::TestTodoList::test_mark_completed PASSED [ 73%]
tests/test_emergent_planning.py::TestTodoList::test_mark_in_progress PASSED [ 75%]
tests/test_emergent_planning.py::TestTodoList::test_is_complete PASSED   [ 76%]
tests/test_emergent_planning.py::TestTodoList::test_has_pending PASSED   [ 78%]
tests/test_emergent_planning.py::TestEmergentPlannerAgent::test_emergent_planner_initialization PASSED [ 80%]
tests/test_emergent_planning.py::TestEmergentPlannerAgent::test_emergent_planner_execute_simple_task PASSED [ 82%]
tests/test_emergent_planning.py::TestEmergentPlannerAgent::test_todo_list_update_during_execution PASSED [ 84%]
tests/test_emergent_planning.py::TestOrchestratorEmergentRouting::test_emergent_planner_agent_import PASSED [ 86%]
tests/test_emergent_planning.py::TestOrchestratorEmergentRouting::test_schema_models_available PASSED [ 88%]
tests/test_emergent_planning.py::TestOrchestratorEmergentRouting::test_config_emergent_planning_enabled PASSED [ 90%]
tests/test_emergent_simple.py::test_todo_item PASSED                     [ 92%]
tests/test_emergent_simple.py::test_todo_list PASSED                     [ 94%]
tests/test_emergent_simple.py::test_config PASSED                        [ 96%]
tests/test_emergent_simple.py::test_emergent_planner_import PASSED       [ 98%]
tests/test_emergent_simple.py::test_orchestrator_import PASSED           [100%]

============================= 52 passed in 15.40s ==============================
